Analysis & Synthesis report for NESFPGA
Tue Jan 23 14:42:05 2024
Quartus Prime Version 22.1std.2 Build 922 07/20/2023 SC Lite Edition


---------------------
; Table of Contents ;
---------------------
  1. Legal Notice
  2. Analysis & Synthesis Summary
  3. Analysis & Synthesis Settings
  4. Analysis & Synthesis Messages



----------------
; Legal Notice ;
----------------
Copyright (C) 2023  Intel Corporation. All rights reserved.
Your use of Intel Corporation's design tools, logic functions 
and other software and tools, and any partner logic 
functions, and any output files from any of the foregoing 
(including device programming or simulation files), and any 
associated documentation or information are expressly subject 
to the terms and conditions of the Intel Program License 
Subscription Agreement, the Intel Quartus Prime License Agreement,
the Intel FPGA IP License Agreement, or other applicable license
agreement, including, without limitation, that your use is for
the sole purpose of programming logic devices manufactured by
Intel and sold by Intel or its authorized distributors.  Please
refer to the applicable agreement for further details, at
https://fpgasoftware.intel.com/eula.



+-------------------------------------------------------------------------------------+
; Analysis & Synthesis Summary                                                        ;
+------------------------------------+------------------------------------------------+
; Analysis & Synthesis Status        ; Failed - Tue Jan 23 14:42:05 2024              ;
; Quartus Prime Version              ; 22.1std.2 Build 922 07/20/2023 SC Lite Edition ;
; Revision Name                      ; NESFPGA                                        ;
; Top-level Entity Name              ; predecode_register                             ;
; Family                             ; MAX 10                                         ;
; Total logic elements               ; N/A until Partition Merge                      ;
;     Total combinational functions  ; N/A until Partition Merge                      ;
;     Dedicated logic registers      ; N/A until Partition Merge                      ;
; Total registers                    ; N/A until Partition Merge                      ;
; Total pins                         ; N/A until Partition Merge                      ;
; Total virtual pins                 ; N/A until Partition Merge                      ;
; Total memory bits                  ; N/A until Partition Merge                      ;
; Embedded Multiplier 9-bit elements ; N/A until Partition Merge                      ;
; Total PLLs                         ; N/A until Partition Merge                      ;
; UFM blocks                         ; N/A until Partition Merge                      ;
; ADC blocks                         ; N/A until Partition Merge                      ;
+------------------------------------+------------------------------------------------+


+------------------------------------------------------------------------------------------------------------+
; Analysis & Synthesis Settings                                                                              ;
+------------------------------------------------------------------+--------------------+--------------------+
; Option                                                           ; Setting            ; Default Value      ;
+------------------------------------------------------------------+--------------------+--------------------+
; Device                                                           ; 10M08DAF484C8G     ;                    ;
; Top-level entity name                                            ; predecode_register ; NESFPGA            ;
; Family name                                                      ; MAX 10             ; Cyclone V          ;
; Maximum processors allowed for parallel compilation              ; 1                  ;                    ;
; Use smart compilation                                            ; Off                ; Off                ;
; Enable parallel Assembler and Timing Analyzer during compilation ; On                 ; On                 ;
; Enable compact report table                                      ; Off                ; Off                ;
; Restructure Multiplexers                                         ; Auto               ; Auto               ;
; Create Debugging Nodes for IP Cores                              ; Off                ; Off                ;
; Preserve fewer node names                                        ; On                 ; On                 ;
; Intel FPGA IP Evaluation Mode                                    ; Enable             ; Enable             ;
; Verilog Version                                                  ; Verilog_2001       ; Verilog_2001       ;
; VHDL Version                                                     ; VHDL_1993          ; VHDL_1993          ;
; State Machine Processing                                         ; Auto               ; Auto               ;
; Safe State Machine                                               ; Off                ; Off                ;
; Extract Verilog State Machines                                   ; On                 ; On                 ;
; Extract VHDL State Machines                                      ; On                 ; On                 ;
; Ignore Verilog initial constructs                                ; Off                ; Off                ;
; Iteration limit for constant Verilog loops                       ; 5000               ; 5000               ;
; Iteration limit for non-constant Verilog loops                   ; 250                ; 250                ;
; Add Pass-Through Logic to Inferred RAMs                          ; On                 ; On                 ;
; Infer RAMs from Raw Logic                                        ; On                 ; On                 ;
; Parallel Synthesis                                               ; On                 ; On                 ;
; DSP Block Balancing                                              ; Auto               ; Auto               ;
; NOT Gate Push-Back                                               ; On                 ; On                 ;
; Power-Up Don't Care                                              ; On                 ; On                 ;
; Remove Redundant Logic Cells                                     ; Off                ; Off                ;
; Remove Duplicate Registers                                       ; On                 ; On                 ;
; Ignore CARRY Buffers                                             ; Off                ; Off                ;
; Ignore CASCADE Buffers                                           ; Off                ; Off                ;
; Ignore GLOBAL Buffers                                            ; Off                ; Off                ;
; Ignore ROW GLOBAL Buffers                                        ; Off                ; Off                ;
; Ignore LCELL Buffers                                             ; Off                ; Off                ;
; Ignore SOFT Buffers                                              ; On                 ; On                 ;
; Limit AHDL Integers to 32 Bits                                   ; Off                ; Off                ;
; Optimization Technique                                           ; Balanced           ; Balanced           ;
; Carry Chain Length                                               ; 70                 ; 70                 ;
; Auto Carry Chains                                                ; On                 ; On                 ;
; Auto Open-Drain Pins                                             ; On                 ; On                 ;
; Perform WYSIWYG Primitive Resynthesis                            ; Off                ; Off                ;
; Auto ROM Replacement                                             ; On                 ; On                 ;
; Auto RAM Replacement                                             ; On                 ; On                 ;
; Auto DSP Block Replacement                                       ; On                 ; On                 ;
; Auto Shift Register Replacement                                  ; Auto               ; Auto               ;
; Allow Shift Register Merging across Hierarchies                  ; Auto               ; Auto               ;
; Auto Clock Enable Replacement                                    ; On                 ; On                 ;
; Strict RAM Replacement                                           ; Off                ; Off                ;
; Allow Synchronous Control Signals                                ; On                 ; On                 ;
; Force Use of Synchronous Clear Signals                           ; Off                ; Off                ;
; Auto RAM Block Balancing                                         ; On                 ; On                 ;
; Auto RAM to Logic Cell Conversion                                ; Off                ; Off                ;
; Auto Resource Sharing                                            ; Off                ; Off                ;
; Allow Any RAM Size For Recognition                               ; Off                ; Off                ;
; Allow Any ROM Size For Recognition                               ; Off                ; Off                ;
; Allow Any Shift Register Size For Recognition                    ; Off                ; Off                ;
; Use LogicLock Constraints during Resource Balancing              ; On                 ; On                 ;
; Ignore translate_off and synthesis_off directives                ; Off                ; Off                ;
; Timing-Driven Synthesis                                          ; On                 ; On                 ;
; Report Parameter Settings                                        ; On                 ; On                 ;
; Report Source Assignments                                        ; On                 ; On                 ;
; Report Connectivity Checks                                       ; On                 ; On                 ;
; Ignore Maximum Fan-Out Assignments                               ; Off                ; Off                ;
; Synchronization Register Chain Length                            ; 2                  ; 2                  ;
; Power Optimization During Synthesis                              ; Normal compilation ; Normal compilation ;
; HDL message level                                                ; Level2             ; Level2             ;
; Suppress Register Optimization Related Messages                  ; Off                ; Off                ;
; Number of Removed Registers Reported in Synthesis Report         ; 5000               ; 5000               ;
; Number of Swept Nodes Reported in Synthesis Report               ; 5000               ; 5000               ;
; Number of Inverted Registers Reported in Synthesis Report        ; 100                ; 100                ;
; Clock MUX Protection                                             ; On                 ; On                 ;
; Auto Gated Clock Conversion                                      ; Off                ; Off                ;
; Block Design Naming                                              ; Auto               ; Auto               ;
; SDC constraint protection                                        ; Off                ; Off                ;
; Synthesis Effort                                                 ; Auto               ; Auto               ;
; Shift Register Replacement - Allow Asynchronous Clear Signal     ; On                 ; On                 ;
; Pre-Mapping Resynthesis Optimization                             ; Off                ; Off                ;
; Analysis & Synthesis Message Level                               ; Medium             ; Medium             ;
; Disable Register Merging Across Hierarchies                      ; Auto               ; Auto               ;
; Resource Aware Inference For Block RAM                           ; On                 ; On                 ;
+------------------------------------------------------------------+--------------------+--------------------+


+-------------------------------+
; Analysis & Synthesis Messages ;
+-------------------------------+
Info: *******************************************************************
Info: Running Quartus Prime Analysis & Synthesis
    Info: Version 22.1std.2 Build 922 07/20/2023 SC Lite Edition
    Info: Processing started: Tue Jan 23 14:41:35 2024
Info: Command: quartus_map --read_settings_files=on --write_settings_files=off NESFPGA -c NESFPGA
Info (12021): Found 2 design units, including 1 entities, in source file VHDL/predecode_register.vhd
    Info (12022): Found design unit 1: predecode_register-Behavioral File: /media/sf_2324_Projet2A_NES/software/VHDL/Predecode/VHDL/predecode_register.vhd Line: 28
    Info (12023): Found entity 1: predecode_register File: /media/sf_2324_Projet2A_NES/software/VHDL/Predecode/VHDL/predecode_register.vhd Line: 20
Info (12021): Found 2 design units, including 0 entities, in source file VHDL/package_opcode_determination.vhd
    Info (12022): Found design unit 1: package_opcode_determination File: /media/sf_2324_Projet2A_NES/software/VHDL/Predecode/VHDL/package_opcode_determination.vhd Line: 15
    Info (12022): Found design unit 2: package_opcode_determination-body File: /media/sf_2324_Projet2A_NES/software/VHDL/Predecode/VHDL/package_opcode_determination.vhd Line: 22
Info (12021): Found 2 design units, including 0 entities, in source file VHDL/package_flags_influence.vhd
    Info (12022): Found design unit 1: package_flags_influence File: /media/sf_2324_Projet2A_NES/software/VHDL/Predecode/VHDL/package_flags_influence.vhd Line: 5
    Info (12022): Found design unit 2: package_flags_influence-body File: /media/sf_2324_Projet2A_NES/software/VHDL/Predecode/VHDL/package_flags_influence.vhd Line: 9
Info (12021): Found 2 design units, including 0 entities, in source file VHDL/package_cycles_required.vhd
    Info (12022): Found design unit 1: package_cycles_required File: /media/sf_2324_Projet2A_NES/software/VHDL/Predecode/VHDL/package_cycles_required.vhd Line: 19
    Info (12022): Found design unit 2: package_cycles_required-body File: /media/sf_2324_Projet2A_NES/software/VHDL/Predecode/VHDL/package_cycles_required.vhd Line: 28
Info (12021): Found 2 design units, including 1 entities, in source file VHDL/predecode_logic.vhd
    Info (12022): Found design unit 1: predecode_logic-Behavioral File: /media/sf_2324_Projet2A_NES/software/VHDL/Predecode/VHDL/predecode_logic.vhd Line: 17
    Info (12023): Found entity 1: predecode_logic File: /media/sf_2324_Projet2A_NES/software/VHDL/Predecode/VHDL/predecode_logic.vhd Line: 11
Info (12021): Found 2 design units, including 1 entities, in source file VHDL/instruction_register.vhd
    Info (12022): Found design unit 1: instruction_register-Behavioral File: /media/sf_2324_Projet2A_NES/software/VHDL/Predecode/VHDL/instruction_register.vhd Line: 16
    Info (12023): Found entity 1: instruction_register File: /media/sf_2324_Projet2A_NES/software/VHDL/Predecode/VHDL/instruction_register.vhd Line: 4
Info (12021): Found 2 design units, including 1 entities, in source file VHDL/timing_generation_logic.vhd
    Info (12022): Found design unit 1: timing_generation_logic-Behavioral File: /media/sf_2324_Projet2A_NES/software/VHDL/Predecode/VHDL/timing_generation_logic.vhd Line: 13
    Info (12023): Found entity 1: timing_generation_logic File: /media/sf_2324_Projet2A_NES/software/VHDL/Predecode/VHDL/timing_generation_logic.vhd Line: 5
Info (12021): Found 2 design units, including 0 entities, in source file VHDL/package_addressing_mode_determination.vhd
    Info (12022): Found design unit 1: package_addressing_mode_determination File: /media/sf_2324_Projet2A_NES/software/VHDL/Predecode/VHDL/package_addressing_mode_determination.vhd Line: 15
    Info (12022): Found design unit 2: package_addressing_mode_determination-body File: /media/sf_2324_Projet2A_NES/software/VHDL/Predecode/VHDL/package_addressing_mode_determination.vhd Line: 22
Error (10482): VHDL error at predecode_logic.vhd(24): object "package_addressing_mode_determination" is used but not declared File: /media/sf_2324_Projet2A_NES/software/VHDL/Predecode/VHDL/predecode_logic.vhd Line: 24
Error: Quartus Prime Analysis & Synthesis was unsuccessful. 1 error, 0 warnings
    Error: Peak virtual memory: 413 megabytes
    Error: Processing ended: Tue Jan 23 14:42:05 2024
    Error: Elapsed time: 00:00:30
    Error: Total CPU time (on all processors): 00:00:21


