Timing Analyzer report for NESFPGA
Tue Dec 19 14:18:15 2023
Quartus Prime Version 22.1std.2 Build 922 07/20/2023 SC Lite Edition


---------------------
; Table of Contents ;
---------------------
  1. Legal Notice
  2. Timing Analyzer Summary
  3. Clocks
  4. Slow 1200mV 85C Model Fmax Summary
  5. Slow 1200mV 85C Model Setup Summary
  6. Slow 1200mV 85C Model Hold Summary
  7. Slow 1200mV 85C Model Recovery Summary
  8. Slow 1200mV 85C Model Removal Summary
  9. Slow 1200mV 85C Model Minimum Pulse Width Summary
 10. Slow 1200mV 85C Model Metastability Summary
 11. Slow 1200mV 0C Model Fmax Summary
 12. Slow 1200mV 0C Model Setup Summary
 13. Slow 1200mV 0C Model Hold Summary
 14. Slow 1200mV 0C Model Recovery Summary
 15. Slow 1200mV 0C Model Removal Summary
 16. Slow 1200mV 0C Model Minimum Pulse Width Summary
 17. Slow 1200mV 0C Model Metastability Summary
 18. Fast 1200mV 0C Model Setup Summary
 19. Fast 1200mV 0C Model Hold Summary
 20. Fast 1200mV 0C Model Recovery Summary
 21. Fast 1200mV 0C Model Removal Summary
 22. Fast 1200mV 0C Model Minimum Pulse Width Summary
 23. Fast 1200mV 0C Model Metastability Summary
 24. Multicorner Timing Analysis Summary
 25. Board Trace Model Assignments
 26. Input Transition Times
 27. Signal Integrity Metrics (Slow 1200mv 0c Model)
 28. Signal Integrity Metrics (Slow 1200mv 85c Model)
 29. Signal Integrity Metrics (Fast 1200mv 0c Model)
 30. Setup Transfers
 31. Hold Transfers
 32. Report TCCS
 33. Report RSKM
 34. Unconstrained Paths Summary
 35. Clock Status Summary
 36. Unconstrained Input Ports
 37. Unconstrained Output Ports
 38. Unconstrained Input Ports
 39. Unconstrained Output Ports
 40. Timing Analyzer Messages



----------------
; Legal Notice ;
----------------
Copyright (C) 2023  Intel Corporation. All rights reserved.
Your use of Intel Corporation's design tools, logic functions 
and other software and tools, and any partner logic 
functions, and any output files from any of the foregoing 
(including device programming or simulation files), and any 
associated documentation or information are expressly subject 
to the terms and conditions of the Intel Program License 
Subscription Agreement, the Intel Quartus Prime License Agreement,
the Intel FPGA IP License Agreement, or other applicable license
agreement, including, without limitation, that your use is for
the sole purpose of programming logic devices manufactured by
Intel and sold by Intel or its authorized distributors.  Please
refer to the applicable agreement for further details, at
https://fpgasoftware.intel.com/eula.



+--------------------------------------------------------------------------------+
; Timing Analyzer Summary                                                        ;
+-----------------------+--------------------------------------------------------+
; Quartus Prime Version ; Version 22.1std.2 Build 922 07/20/2023 SC Lite Edition ;
; Timing Analyzer       ; Legacy Timing Analyzer                                 ;
; Revision Name         ; NESFPGA                                                ;
; Device Family         ; MAX 10                                                 ;
; Device Name           ; 10M08DAF484C8G                                         ;
; Timing Models         ; Final                                                  ;
; Delay Model           ; Combined                                               ;
; Rise/Fall Delays      ; Enabled                                                ;
+-----------------------+--------------------------------------------------------+


+-----------------------------------------------------------------------------------------------------------------------------------------------------------------------------------+
; Clocks                                                                                                                                                                            ;
+------------+------+--------+------------+-------+-------+------------+-----------+-------------+-------+--------+-----------+------------+----------+--------+--------+-----------+
; Clock Name ; Type ; Period ; Frequency  ; Rise  ; Fall  ; Duty Cycle ; Divide by ; Multiply by ; Phase ; Offset ; Edge List ; Edge Shift ; Inverted ; Master ; Source ; Targets   ;
+------------+------+--------+------------+-------+-------+------------+-----------+-------------+-------+--------+-----------+------------+----------+--------+--------+-----------+
; i_clk      ; Base ; 1.000  ; 1000.0 MHz ; 0.000 ; 0.500 ;            ;           ;             ;       ;        ;           ;            ;          ;        ;        ; { i_clk } ;
+------------+------+--------+------------+-------+-------+------------+-----------+-------------+-------+--------+-----------+------------+----------+--------+--------+-----------+


+-----------------------------------------------------------------------------------------------------------+
; Slow 1200mV 85C Model Fmax Summary                                                                        ;
+------------+-----------------+------------+---------------------------------------------------------------+
; Fmax       ; Restricted Fmax ; Clock Name ; Note                                                          ;
+------------+-----------------+------------+---------------------------------------------------------------+
; 582.75 MHz ; 250.0 MHz       ; i_clk      ; limit due to minimum period restriction (max I/O toggle rate) ;
+------------+-----------------+------------+---------------------------------------------------------------+
This panel reports FMAX for every clock in the design, regardless of the user-specified clock periods.  FMAX is only computed for paths where the source and destination registers or ports are driven by the same clock.  Paths of different clocks, including generated clocks, are ignored.  For paths between a clock and its inversion, FMAX is computed as if the rising and falling edges are scaled along with FMAX, such that the duty cycle (in terms of a percentage) is maintained. Altera recommends that you always use clock constraints and other slack reports for sign-off analysis.


+-------------------------------------+
; Slow 1200mV 85C Model Setup Summary ;
+-------+--------+--------------------+
; Clock ; Slack  ; End Point TNS      ;
+-------+--------+--------------------+
; i_clk ; -0.716 ; -3.090             ;
+-------+--------+--------------------+


+------------------------------------+
; Slow 1200mV 85C Model Hold Summary ;
+-------+-------+--------------------+
; Clock ; Slack ; End Point TNS      ;
+-------+-------+--------------------+
; i_clk ; 0.498 ; 0.000              ;
+-------+-------+--------------------+


------------------------------------------
; Slow 1200mV 85C Model Recovery Summary ;
------------------------------------------
No paths to report.


-----------------------------------------
; Slow 1200mV 85C Model Removal Summary ;
-----------------------------------------
No paths to report.


+---------------------------------------------------+
; Slow 1200mV 85C Model Minimum Pulse Width Summary ;
+-------+--------+----------------------------------+
; Clock ; Slack  ; End Point TNS                    ;
+-------+--------+----------------------------------+
; i_clk ; -3.000 ; -17.870                          ;
+-------+--------+----------------------------------+


-----------------------------------------------
; Slow 1200mV 85C Model Metastability Summary ;
-----------------------------------------------
No synchronizer chains to report.


+-----------------------------------------------------------------------------------------------------------+
; Slow 1200mV 0C Model Fmax Summary                                                                         ;
+------------+-----------------+------------+---------------------------------------------------------------+
; Fmax       ; Restricted Fmax ; Clock Name ; Note                                                          ;
+------------+-----------------+------------+---------------------------------------------------------------+
; 634.92 MHz ; 250.0 MHz       ; i_clk      ; limit due to minimum period restriction (max I/O toggle rate) ;
+------------+-----------------+------------+---------------------------------------------------------------+
This panel reports FMAX for every clock in the design, regardless of the user-specified clock periods.  FMAX is only computed for paths where the source and destination registers or ports are driven by the same clock.  Paths of different clocks, including generated clocks, are ignored.  For paths between a clock and its inversion, FMAX is computed as if the rising and falling edges are scaled along with FMAX, such that the duty cycle (in terms of a percentage) is maintained. Altera recommends that you always use clock constraints and other slack reports for sign-off analysis.


+------------------------------------+
; Slow 1200mV 0C Model Setup Summary ;
+-------+--------+-------------------+
; Clock ; Slack  ; End Point TNS     ;
+-------+--------+-------------------+
; i_clk ; -0.575 ; -2.488            ;
+-------+--------+-------------------+


+-----------------------------------+
; Slow 1200mV 0C Model Hold Summary ;
+-------+-------+-------------------+
; Clock ; Slack ; End Point TNS     ;
+-------+-------+-------------------+
; i_clk ; 0.473 ; 0.000             ;
+-------+-------+-------------------+


-----------------------------------------
; Slow 1200mV 0C Model Recovery Summary ;
-----------------------------------------
No paths to report.


----------------------------------------
; Slow 1200mV 0C Model Removal Summary ;
----------------------------------------
No paths to report.


+--------------------------------------------------+
; Slow 1200mV 0C Model Minimum Pulse Width Summary ;
+-------+--------+---------------------------------+
; Clock ; Slack  ; End Point TNS                   ;
+-------+--------+---------------------------------+
; i_clk ; -3.000 ; -17.870                         ;
+-------+--------+---------------------------------+


----------------------------------------------
; Slow 1200mV 0C Model Metastability Summary ;
----------------------------------------------
No synchronizer chains to report.


+------------------------------------+
; Fast 1200mV 0C Model Setup Summary ;
+-------+-------+--------------------+
; Clock ; Slack ; End Point TNS      ;
+-------+-------+--------------------+
; i_clk ; 0.317 ; 0.000              ;
+-------+-------+--------------------+


+-----------------------------------+
; Fast 1200mV 0C Model Hold Summary ;
+-------+-------+-------------------+
; Clock ; Slack ; End Point TNS     ;
+-------+-------+-------------------+
; i_clk ; 0.184 ; 0.000             ;
+-------+-------+-------------------+


-----------------------------------------
; Fast 1200mV 0C Model Recovery Summary ;
-----------------------------------------
No paths to report.


----------------------------------------
; Fast 1200mV 0C Model Removal Summary ;
----------------------------------------
No paths to report.


+--------------------------------------------------+
; Fast 1200mV 0C Model Minimum Pulse Width Summary ;
+-------+--------+---------------------------------+
; Clock ; Slack  ; End Point TNS                   ;
+-------+--------+---------------------------------+
; i_clk ; -3.000 ; -13.290                         ;
+-------+--------+---------------------------------+


----------------------------------------------
; Fast 1200mV 0C Model Metastability Summary ;
----------------------------------------------
No synchronizer chains to report.


+------------------------------------------------------------------------------+
; Multicorner Timing Analysis Summary                                          ;
+------------------+--------+-------+----------+---------+---------------------+
; Clock            ; Setup  ; Hold  ; Recovery ; Removal ; Minimum Pulse Width ;
+------------------+--------+-------+----------+---------+---------------------+
; Worst-case Slack ; -0.716 ; 0.184 ; N/A      ; N/A     ; -3.000              ;
;  i_clk           ; -0.716 ; 0.184 ; N/A      ; N/A     ; -3.000              ;
; Design-wide TNS  ; -3.09  ; 0.0   ; 0.0      ; 0.0     ; -17.87              ;
;  i_clk           ; -3.090 ; 0.000 ; N/A      ; N/A     ; -17.870             ;
+------------------+--------+-------+----------+---------+---------------------+


+----------------------------------------------------------------------------------------------------------------------------------------------------------------------------------------------------------------------------------------------------------------------------------------------------------------------------------------------------------------------------------------------------------------------------+
; Board Trace Model Assignments                                                                                                                                                                                                                                                                                                                                                                                              ;
+-------------------------+--------------+-------------------+-------------------------+-------------------------+---------------+---------------------+----------------+------------------+--------+------------------+------------------------+------------------------+--------------+---------------+-----------------+-------+---------------------+--------------------+---------------+-----------------+-------------+
; Pin                     ; I/O Standard ; Near Tline Length ; Near Tline L per Length ; Near Tline C per Length ; Near Series R ; Near Differential R ; Near Pull-up R ; Near Pull-down R ; Near C ; Far Tline Length ; Far Tline L per Length ; Far Tline C per Length ; Far Series R ; Far Pull-up R ; Far Pull-down R ; Far C ; Termination Voltage ; Far Differential R ; EBD File Name ; EBD Signal Name ; EBD Far-end ;
+-------------------------+--------------+-------------------+-------------------------+-------------------------+---------------+---------------------+----------------+------------------+--------+------------------+------------------------+------------------------+--------------+---------------+-----------------+-------+---------------------+--------------------+---------------+-----------------+-------------+
; o_active_instruction[0] ; 2.5 V        ; 0 in              ; 0 H/in                  ; 0 F/in                  ; short         ; -                   ; open           ; open             ; open   ; 0 in             ; 0 H/in                 ; 0 F/in                 ; short        ; open          ; open            ; open  ; 0 V                 ; -                  ; n/a           ; n/a             ; n/a         ;
; o_active_instruction[1] ; 2.5 V        ; 0 in              ; 0 H/in                  ; 0 F/in                  ; short         ; -                   ; open           ; open             ; open   ; 0 in             ; 0 H/in                 ; 0 F/in                 ; short        ; open          ; open            ; open  ; 0 V                 ; -                  ; n/a           ; n/a             ; n/a         ;
; o_active_instruction[2] ; 2.5 V        ; 0 in              ; 0 H/in                  ; 0 F/in                  ; short         ; -                   ; open           ; open             ; open   ; 0 in             ; 0 H/in                 ; 0 F/in                 ; short        ; open          ; open            ; open  ; 0 V                 ; -                  ; n/a           ; n/a             ; n/a         ;
; o_active_instruction[3] ; 2.5 V        ; 0 in              ; 0 H/in                  ; 0 F/in                  ; short         ; -                   ; open           ; open             ; open   ; 0 in             ; 0 H/in                 ; 0 F/in                 ; short        ; open          ; open            ; open  ; 0 V                 ; -                  ; n/a           ; n/a             ; n/a         ;
; o_active_instruction[4] ; 2.5 V        ; 0 in              ; 0 H/in                  ; 0 F/in                  ; short         ; -                   ; open           ; open             ; open   ; 0 in             ; 0 H/in                 ; 0 F/in                 ; short        ; open          ; open            ; open  ; 0 V                 ; -                  ; n/a           ; n/a             ; n/a         ;
; o_active_instruction[5] ; 2.5 V        ; 0 in              ; 0 H/in                  ; 0 F/in                  ; short         ; -                   ; open           ; open             ; open   ; 0 in             ; 0 H/in                 ; 0 F/in                 ; short        ; open          ; open            ; open  ; 0 V                 ; -                  ; n/a           ; n/a             ; n/a         ;
; o_addressing_mode[0]    ; 2.5 V        ; 0 in              ; 0 H/in                  ; 0 F/in                  ; short         ; -                   ; open           ; open             ; open   ; 0 in             ; 0 H/in                 ; 0 F/in                 ; short        ; open          ; open            ; open  ; 0 V                 ; -                  ; n/a           ; n/a             ; n/a         ;
; o_addressing_mode[1]    ; 2.5 V        ; 0 in              ; 0 H/in                  ; 0 F/in                  ; short         ; -                   ; open           ; open             ; open   ; 0 in             ; 0 H/in                 ; 0 F/in                 ; short        ; open          ; open            ; open  ; 0 V                 ; -                  ; n/a           ; n/a             ; n/a         ;
; o_addressing_mode[2]    ; 2.5 V        ; 0 in              ; 0 H/in                  ; 0 F/in                  ; short         ; -                   ; open           ; open             ; open   ; 0 in             ; 0 H/in                 ; 0 F/in                 ; short        ; open          ; open            ; open  ; 0 V                 ; -                  ; n/a           ; n/a             ; n/a         ;
; o_register_select[0]    ; 2.5 V        ; 0 in              ; 0 H/in                  ; 0 F/in                  ; short         ; -                   ; open           ; open             ; open   ; 0 in             ; 0 H/in                 ; 0 F/in                 ; short        ; open          ; open            ; open  ; 0 V                 ; -                  ; n/a           ; n/a             ; n/a         ;
; o_register_select[1]    ; 2.5 V        ; 0 in              ; 0 H/in                  ; 0 F/in                  ; short         ; -                   ; open           ; open             ; open   ; 0 in             ; 0 H/in                 ; 0 F/in                 ; short        ; open          ; open            ; open  ; 0 V                 ; -                  ; n/a           ; n/a             ; n/a         ;
; ~ALTERA_TDO~            ; 2.5 V        ; 0 in              ; 0 H/in                  ; 0 F/in                  ; short         ; -                   ; open           ; open             ; open   ; 0 in             ; 0 H/in                 ; 0 F/in                 ; short        ; open          ; open            ; open  ; 0 V                 ; -                  ; n/a           ; n/a             ; n/a         ;
+-------------------------+--------------+-------------------+-------------------------+-------------------------+---------------+---------------------+----------------+------------------+--------+------------------+------------------------+------------------------+--------------+---------------+-----------------+-------+---------------------+--------------------+---------------+-----------------+-------------+


+----------------------------------------------------------------------------------+
; Input Transition Times                                                           ;
+----------------------+-----------------------+-----------------+-----------------+
; Pin                  ; I/O Standard          ; 10-90 Rise Time ; 90-10 Fall Time ;
+----------------------+-----------------------+-----------------+-----------------+
; i_instruction[5]     ; 2.5 V                 ; 2000 ps         ; 2000 ps         ;
; i_instruction[6]     ; 2.5 V                 ; 2000 ps         ; 2000 ps         ;
; i_instruction[7]     ; 2.5 V                 ; 2000 ps         ; 2000 ps         ;
; i_status_register[0] ; 2.5 V                 ; 2000 ps         ; 2000 ps         ;
; i_status_register[1] ; 2.5 V                 ; 2000 ps         ; 2000 ps         ;
; i_status_register[2] ; 2.5 V                 ; 2000 ps         ; 2000 ps         ;
; i_status_register[3] ; 2.5 V                 ; 2000 ps         ; 2000 ps         ;
; i_status_register[4] ; 2.5 V                 ; 2000 ps         ; 2000 ps         ;
; i_status_register[5] ; 2.5 V                 ; 2000 ps         ; 2000 ps         ;
; i_status_register[6] ; 2.5 V                 ; 2000 ps         ; 2000 ps         ;
; i_status_register[7] ; 2.5 V                 ; 2000 ps         ; 2000 ps         ;
; i_clk                ; 2.5 V                 ; 2000 ps         ; 2000 ps         ;
; i_instruction[0]     ; 2.5 V                 ; 2000 ps         ; 2000 ps         ;
; i_instruction[4]     ; 2.5 V                 ; 2000 ps         ; 2000 ps         ;
; i_instruction[3]     ; 2.5 V                 ; 2000 ps         ; 2000 ps         ;
; i_instruction[1]     ; 2.5 V                 ; 2000 ps         ; 2000 ps         ;
; i_instruction[2]     ; 2.5 V                 ; 2000 ps         ; 2000 ps         ;
; ~ALTERA_TMS~         ; 2.5 V Schmitt Trigger ; 2000 ps         ; 2000 ps         ;
; ~ALTERA_TCK~         ; 2.5 V Schmitt Trigger ; 2000 ps         ; 2000 ps         ;
; ~ALTERA_TDI~         ; 2.5 V Schmitt Trigger ; 2000 ps         ; 2000 ps         ;
; ~ALTERA_CONFIG_SEL~  ; 2.5 V                 ; 2000 ps         ; 2000 ps         ;
; ~ALTERA_nCONFIG~     ; 2.5 V Schmitt Trigger ; 2000 ps         ; 2000 ps         ;
; ~ALTERA_nSTATUS~     ; 2.5 V Schmitt Trigger ; 2000 ps         ; 2000 ps         ;
; ~ALTERA_CONF_DONE~   ; 2.5 V Schmitt Trigger ; 2000 ps         ; 2000 ps         ;
+----------------------+-----------------------+-----------------+-----------------+


+------------------------------------------------------------------------------------------------------------------------------------------------------------------------------------------------------------------------------------------------------------------------------------------------------------------------------------------------------------------------------------------------------------------------------------------------------------------------------------------------------------------------------------------------------------------------------------------------------------------------------------------------------------------------------------------------------+
; Signal Integrity Metrics (Slow 1200mv 0c Model)                                                                                                                                                                                                                                                                                                                                                                                                                                                                                                                                                                                                                                                      ;
+-------------------------+--------------+---------------------+---------------------+------------------------------+------------------------------+---------------------+---------------------+--------------------------------------+--------------------------------------+-----------------------------+-----------------------------+----------------------------+----------------------------+-----------------------------+-----------------------------+--------------------+--------------------+-------------------------------------+-------------------------------------+----------------------------+----------------------------+---------------------------+---------------------------+
; Pin                     ; I/O Standard ; Board Delay on Rise ; Board Delay on Fall ; Steady State Voh at FPGA Pin ; Steady State Vol at FPGA Pin ; Voh Max at FPGA Pin ; Vol Min at FPGA Pin ; Ringback Voltage on Rise at FPGA Pin ; Ringback Voltage on Fall at FPGA Pin ; 10-90 Rise Time at FPGA Pin ; 90-10 Fall Time at FPGA Pin ; Monotonic Rise at FPGA Pin ; Monotonic Fall at FPGA Pin ; Steady State Voh at Far-end ; Steady State Vol at Far-end ; Voh Max at Far-end ; Vol Min at Far-end ; Ringback Voltage on Rise at Far-end ; Ringback Voltage on Fall at Far-end ; 10-90 Rise Time at Far-end ; 90-10 Fall Time at Far-end ; Monotonic Rise at Far-end ; Monotonic Fall at Far-end ;
+-------------------------+--------------+---------------------+---------------------+------------------------------+------------------------------+---------------------+---------------------+--------------------------------------+--------------------------------------+-----------------------------+-----------------------------+----------------------------+----------------------------+-----------------------------+-----------------------------+--------------------+--------------------+-------------------------------------+-------------------------------------+----------------------------+----------------------------+---------------------------+---------------------------+
; o_active_instruction[0] ; 2.5 V        ; 0 s                 ; 0 s                 ; 2.32 V                       ; 4.47e-09 V                   ; 2.4 V               ; -0.0905 V           ; 0.135 V                              ; 0.167 V                              ; 4.43e-10 s                  ; 4.36e-10 s                  ; No                         ; Yes                        ; 2.32 V                      ; 4.47e-09 V                  ; 2.4 V              ; -0.0905 V          ; 0.135 V                             ; 0.167 V                             ; 4.43e-10 s                 ; 4.36e-10 s                 ; No                        ; Yes                       ;
; o_active_instruction[1] ; 2.5 V        ; 0 s                 ; 0 s                 ; 2.32 V                       ; 4.47e-09 V                   ; 2.4 V               ; -0.0905 V           ; 0.135 V                              ; 0.167 V                              ; 4.43e-10 s                  ; 4.36e-10 s                  ; No                         ; Yes                        ; 2.32 V                      ; 4.47e-09 V                  ; 2.4 V              ; -0.0905 V          ; 0.135 V                             ; 0.167 V                             ; 4.43e-10 s                 ; 4.36e-10 s                 ; No                        ; Yes                       ;
; o_active_instruction[2] ; 2.5 V        ; 0 s                 ; 0 s                 ; 2.32 V                       ; 4.47e-09 V                   ; 2.39 V              ; -0.0854 V           ; 0.162 V                              ; 0.204 V                              ; 4.62e-10 s                  ; 4.54e-10 s                  ; No                         ; Yes                        ; 2.32 V                      ; 4.47e-09 V                  ; 2.39 V             ; -0.0854 V          ; 0.162 V                             ; 0.204 V                             ; 4.62e-10 s                 ; 4.54e-10 s                 ; No                        ; Yes                       ;
; o_active_instruction[3] ; 2.5 V        ; 0 s                 ; 0 s                 ; 2.32 V                       ; 4.47e-09 V                   ; 2.4 V               ; -0.0905 V           ; 0.135 V                              ; 0.167 V                              ; 4.43e-10 s                  ; 4.36e-10 s                  ; No                         ; Yes                        ; 2.32 V                      ; 4.47e-09 V                  ; 2.4 V              ; -0.0905 V          ; 0.135 V                             ; 0.167 V                             ; 4.43e-10 s                 ; 4.36e-10 s                 ; No                        ; Yes                       ;
; o_active_instruction[4] ; 2.5 V        ; 0 s                 ; 0 s                 ; 2.32 V                       ; 4.47e-09 V                   ; 2.4 V               ; -0.0932 V           ; 0.135 V                              ; 0.16 V                               ; 4.43e-10 s                  ; 4.36e-10 s                  ; No                         ; Yes                        ; 2.32 V                      ; 4.47e-09 V                  ; 2.4 V              ; -0.0932 V          ; 0.135 V                             ; 0.16 V                              ; 4.43e-10 s                 ; 4.36e-10 s                 ; No                        ; Yes                       ;
; o_active_instruction[5] ; 2.5 V        ; 0 s                 ; 0 s                 ; 2.32 V                       ; 4.47e-09 V                   ; 2.4 V               ; -0.0905 V           ; 0.135 V                              ; 0.167 V                              ; 4.43e-10 s                  ; 4.36e-10 s                  ; No                         ; Yes                        ; 2.32 V                      ; 4.47e-09 V                  ; 2.4 V              ; -0.0905 V          ; 0.135 V                             ; 0.167 V                             ; 4.43e-10 s                 ; 4.36e-10 s                 ; No                        ; Yes                       ;
; o_addressing_mode[0]    ; 2.5 V        ; 0 s                 ; 0 s                 ; 2.32 V                       ; 4.47e-09 V                   ; 2.4 V               ; -0.0932 V           ; 0.135 V                              ; 0.16 V                               ; 4.43e-10 s                  ; 4.36e-10 s                  ; No                         ; Yes                        ; 2.32 V                      ; 4.47e-09 V                  ; 2.4 V              ; -0.0932 V          ; 0.135 V                             ; 0.16 V                              ; 4.43e-10 s                 ; 4.36e-10 s                 ; No                        ; Yes                       ;
; o_addressing_mode[1]    ; 2.5 V        ; 0 s                 ; 0 s                 ; 2.32 V                       ; 4.47e-09 V                   ; 2.4 V               ; -0.0932 V           ; 0.135 V                              ; 0.16 V                               ; 4.43e-10 s                  ; 4.36e-10 s                  ; No                         ; Yes                        ; 2.32 V                      ; 4.47e-09 V                  ; 2.4 V              ; -0.0932 V          ; 0.135 V                             ; 0.16 V                              ; 4.43e-10 s                 ; 4.36e-10 s                 ; No                        ; Yes                       ;
; o_addressing_mode[2]    ; 2.5 V        ; 0 s                 ; 0 s                 ; 2.32 V                       ; 4.47e-09 V                   ; 2.4 V               ; -0.0932 V           ; 0.135 V                              ; 0.16 V                               ; 4.43e-10 s                  ; 4.36e-10 s                  ; No                         ; Yes                        ; 2.32 V                      ; 4.47e-09 V                  ; 2.4 V              ; -0.0932 V          ; 0.135 V                             ; 0.16 V                              ; 4.43e-10 s                 ; 4.36e-10 s                 ; No                        ; Yes                       ;
; o_register_select[0]    ; 2.5 V        ; 0 s                 ; 0 s                 ; 2.32 V                       ; 4.47e-09 V                   ; 2.4 V               ; -0.0905 V           ; 0.135 V                              ; 0.167 V                              ; 4.43e-10 s                  ; 4.36e-10 s                  ; No                         ; Yes                        ; 2.32 V                      ; 4.47e-09 V                  ; 2.4 V              ; -0.0905 V          ; 0.135 V                             ; 0.167 V                             ; 4.43e-10 s                 ; 4.36e-10 s                 ; No                        ; Yes                       ;
; o_register_select[1]    ; 2.5 V        ; 0 s                 ; 0 s                 ; 2.32 V                       ; 4.47e-09 V                   ; 2.33 V              ; -0.00562 V          ; 0.232 V                              ; 0.19 V                               ; 4.14e-09 s                  ; 3.92e-09 s                  ; No                         ; Yes                        ; 2.32 V                      ; 4.47e-09 V                  ; 2.33 V             ; -0.00562 V         ; 0.232 V                             ; 0.19 V                              ; 4.14e-09 s                 ; 3.92e-09 s                 ; No                        ; Yes                       ;
; ~ALTERA_TDO~            ; 2.5 V        ; 0 s                 ; 0 s                 ; 2.32 V                       ; 7.49e-09 V                   ; 2.38 V              ; -0.0491 V           ; 0.231 V                              ; 0.154 V                              ; 4.84e-10 s                  ; 6.18e-10 s                  ; Yes                        ; No                         ; 2.32 V                      ; 7.49e-09 V                  ; 2.38 V             ; -0.0491 V          ; 0.231 V                             ; 0.154 V                             ; 4.84e-10 s                 ; 6.18e-10 s                 ; Yes                       ; No                        ;
+-------------------------+--------------+---------------------+---------------------+------------------------------+------------------------------+---------------------+---------------------+--------------------------------------+--------------------------------------+-----------------------------+-----------------------------+----------------------------+----------------------------+-----------------------------+-----------------------------+--------------------+--------------------+-------------------------------------+-------------------------------------+----------------------------+----------------------------+---------------------------+---------------------------+


+------------------------------------------------------------------------------------------------------------------------------------------------------------------------------------------------------------------------------------------------------------------------------------------------------------------------------------------------------------------------------------------------------------------------------------------------------------------------------------------------------------------------------------------------------------------------------------------------------------------------------------------------------------------------------------------------------+
; Signal Integrity Metrics (Slow 1200mv 85c Model)                                                                                                                                                                                                                                                                                                                                                                                                                                                                                                                                                                                                                                                     ;
+-------------------------+--------------+---------------------+---------------------+------------------------------+------------------------------+---------------------+---------------------+--------------------------------------+--------------------------------------+-----------------------------+-----------------------------+----------------------------+----------------------------+-----------------------------+-----------------------------+--------------------+--------------------+-------------------------------------+-------------------------------------+----------------------------+----------------------------+---------------------------+---------------------------+
; Pin                     ; I/O Standard ; Board Delay on Rise ; Board Delay on Fall ; Steady State Voh at FPGA Pin ; Steady State Vol at FPGA Pin ; Voh Max at FPGA Pin ; Vol Min at FPGA Pin ; Ringback Voltage on Rise at FPGA Pin ; Ringback Voltage on Fall at FPGA Pin ; 10-90 Rise Time at FPGA Pin ; 90-10 Fall Time at FPGA Pin ; Monotonic Rise at FPGA Pin ; Monotonic Fall at FPGA Pin ; Steady State Voh at Far-end ; Steady State Vol at Far-end ; Voh Max at Far-end ; Vol Min at Far-end ; Ringback Voltage on Rise at Far-end ; Ringback Voltage on Fall at Far-end ; 10-90 Rise Time at Far-end ; 90-10 Fall Time at Far-end ; Monotonic Rise at Far-end ; Monotonic Fall at Far-end ;
+-------------------------+--------------+---------------------+---------------------+------------------------------+------------------------------+---------------------+---------------------+--------------------------------------+--------------------------------------+-----------------------------+-----------------------------+----------------------------+----------------------------+-----------------------------+-----------------------------+--------------------+--------------------+-------------------------------------+-------------------------------------+----------------------------+----------------------------+---------------------------+---------------------------+
; o_active_instruction[0] ; 2.5 V        ; 0 s                 ; 0 s                 ; 2.32 V                       ; 4.66e-07 V                   ; 2.37 V              ; -0.0526 V           ; 0.169 V                              ; 0.23 V                               ; 4.75e-10 s                  ; 4.8e-10 s                   ; Yes                        ; Yes                        ; 2.32 V                      ; 4.66e-07 V                  ; 2.37 V             ; -0.0526 V          ; 0.169 V                             ; 0.23 V                              ; 4.75e-10 s                 ; 4.8e-10 s                  ; Yes                       ; Yes                       ;
; o_active_instruction[1] ; 2.5 V        ; 0 s                 ; 0 s                 ; 2.32 V                       ; 4.66e-07 V                   ; 2.37 V              ; -0.0526 V           ; 0.169 V                              ; 0.23 V                               ; 4.75e-10 s                  ; 4.8e-10 s                   ; Yes                        ; Yes                        ; 2.32 V                      ; 4.66e-07 V                  ; 2.37 V             ; -0.0526 V          ; 0.169 V                             ; 0.23 V                              ; 4.75e-10 s                 ; 4.8e-10 s                  ; Yes                       ; Yes                       ;
; o_active_instruction[2] ; 2.5 V        ; 0 s                 ; 0 s                 ; 2.32 V                       ; 4.66e-07 V                   ; 2.36 V              ; -0.0486 V           ; 0.228 V                              ; 0.114 V                              ; 5.12e-10 s                  ; 6.11e-10 s                  ; Yes                        ; No                         ; 2.32 V                      ; 4.66e-07 V                  ; 2.36 V             ; -0.0486 V          ; 0.228 V                             ; 0.114 V                             ; 5.12e-10 s                 ; 6.11e-10 s                 ; Yes                       ; No                        ;
; o_active_instruction[3] ; 2.5 V        ; 0 s                 ; 0 s                 ; 2.32 V                       ; 4.66e-07 V                   ; 2.37 V              ; -0.0526 V           ; 0.169 V                              ; 0.23 V                               ; 4.75e-10 s                  ; 4.8e-10 s                   ; Yes                        ; Yes                        ; 2.32 V                      ; 4.66e-07 V                  ; 2.37 V             ; -0.0526 V          ; 0.169 V                             ; 0.23 V                              ; 4.75e-10 s                 ; 4.8e-10 s                  ; Yes                       ; Yes                       ;
; o_active_instruction[4] ; 2.5 V        ; 0 s                 ; 0 s                 ; 2.32 V                       ; 4.66e-07 V                   ; 2.37 V              ; -0.0521 V           ; 0.17 V                               ; 0.231 V                              ; 4.74e-10 s                  ; 4.79e-10 s                  ; Yes                        ; Yes                        ; 2.32 V                      ; 4.66e-07 V                  ; 2.37 V             ; -0.0521 V          ; 0.17 V                              ; 0.231 V                             ; 4.74e-10 s                 ; 4.79e-10 s                 ; Yes                       ; Yes                       ;
; o_active_instruction[5] ; 2.5 V        ; 0 s                 ; 0 s                 ; 2.32 V                       ; 4.66e-07 V                   ; 2.37 V              ; -0.0526 V           ; 0.169 V                              ; 0.23 V                               ; 4.75e-10 s                  ; 4.8e-10 s                   ; Yes                        ; Yes                        ; 2.32 V                      ; 4.66e-07 V                  ; 2.37 V             ; -0.0526 V          ; 0.169 V                             ; 0.23 V                              ; 4.75e-10 s                 ; 4.8e-10 s                  ; Yes                       ; Yes                       ;
; o_addressing_mode[0]    ; 2.5 V        ; 0 s                 ; 0 s                 ; 2.32 V                       ; 4.66e-07 V                   ; 2.37 V              ; -0.0521 V           ; 0.17 V                               ; 0.231 V                              ; 4.74e-10 s                  ; 4.79e-10 s                  ; Yes                        ; Yes                        ; 2.32 V                      ; 4.66e-07 V                  ; 2.37 V             ; -0.0521 V          ; 0.17 V                              ; 0.231 V                             ; 4.74e-10 s                 ; 4.79e-10 s                 ; Yes                       ; Yes                       ;
; o_addressing_mode[1]    ; 2.5 V        ; 0 s                 ; 0 s                 ; 2.32 V                       ; 4.66e-07 V                   ; 2.37 V              ; -0.0521 V           ; 0.17 V                               ; 0.231 V                              ; 4.74e-10 s                  ; 4.79e-10 s                  ; Yes                        ; Yes                        ; 2.32 V                      ; 4.66e-07 V                  ; 2.37 V             ; -0.0521 V          ; 0.17 V                              ; 0.231 V                             ; 4.74e-10 s                 ; 4.79e-10 s                 ; Yes                       ; Yes                       ;
; o_addressing_mode[2]    ; 2.5 V        ; 0 s                 ; 0 s                 ; 2.32 V                       ; 4.66e-07 V                   ; 2.37 V              ; -0.0521 V           ; 0.17 V                               ; 0.231 V                              ; 4.74e-10 s                  ; 4.79e-10 s                  ; Yes                        ; Yes                        ; 2.32 V                      ; 4.66e-07 V                  ; 2.37 V             ; -0.0521 V          ; 0.17 V                              ; 0.231 V                             ; 4.74e-10 s                 ; 4.79e-10 s                 ; Yes                       ; Yes                       ;
; o_register_select[0]    ; 2.5 V        ; 0 s                 ; 0 s                 ; 2.32 V                       ; 4.66e-07 V                   ; 2.37 V              ; -0.0526 V           ; 0.169 V                              ; 0.23 V                               ; 4.75e-10 s                  ; 4.8e-10 s                   ; Yes                        ; Yes                        ; 2.32 V                      ; 4.66e-07 V                  ; 2.37 V             ; -0.0526 V          ; 0.169 V                             ; 0.23 V                              ; 4.75e-10 s                 ; 4.8e-10 s                  ; Yes                       ; Yes                       ;
; o_register_select[1]    ; 2.5 V        ; 0 s                 ; 0 s                 ; 2.32 V                       ; 4.66e-07 V                   ; 2.33 V              ; -0.00284 V          ; 0.214 V                              ; 0.149 V                              ; 5.03e-09 s                  ; 4.66e-09 s                  ; Yes                        ; Yes                        ; 2.32 V                      ; 4.66e-07 V                  ; 2.33 V             ; -0.00284 V         ; 0.214 V                             ; 0.149 V                             ; 5.03e-09 s                 ; 4.66e-09 s                 ; Yes                       ; Yes                       ;
; ~ALTERA_TDO~            ; 2.5 V        ; 0 s                 ; 0 s                 ; 2.32 V                       ; 7.88e-07 V                   ; 2.36 V              ; -0.0208 V           ; 0.162 V                              ; 0.123 V                              ; 6.58e-10 s                  ; 7.78e-10 s                  ; No                         ; Yes                        ; 2.32 V                      ; 7.88e-07 V                  ; 2.36 V             ; -0.0208 V          ; 0.162 V                             ; 0.123 V                             ; 6.58e-10 s                 ; 7.78e-10 s                 ; No                        ; Yes                       ;
+-------------------------+--------------+---------------------+---------------------+------------------------------+------------------------------+---------------------+---------------------+--------------------------------------+--------------------------------------+-----------------------------+-----------------------------+----------------------------+----------------------------+-----------------------------+-----------------------------+--------------------+--------------------+-------------------------------------+-------------------------------------+----------------------------+----------------------------+---------------------------+---------------------------+


+------------------------------------------------------------------------------------------------------------------------------------------------------------------------------------------------------------------------------------------------------------------------------------------------------------------------------------------------------------------------------------------------------------------------------------------------------------------------------------------------------------------------------------------------------------------------------------------------------------------------------------------------------------------------------------------------------+
; Signal Integrity Metrics (Fast 1200mv 0c Model)                                                                                                                                                                                                                                                                                                                                                                                                                                                                                                                                                                                                                                                      ;
+-------------------------+--------------+---------------------+---------------------+------------------------------+------------------------------+---------------------+---------------------+--------------------------------------+--------------------------------------+-----------------------------+-----------------------------+----------------------------+----------------------------+-----------------------------+-----------------------------+--------------------+--------------------+-------------------------------------+-------------------------------------+----------------------------+----------------------------+---------------------------+---------------------------+
; Pin                     ; I/O Standard ; Board Delay on Rise ; Board Delay on Fall ; Steady State Voh at FPGA Pin ; Steady State Vol at FPGA Pin ; Voh Max at FPGA Pin ; Vol Min at FPGA Pin ; Ringback Voltage on Rise at FPGA Pin ; Ringback Voltage on Fall at FPGA Pin ; 10-90 Rise Time at FPGA Pin ; 90-10 Fall Time at FPGA Pin ; Monotonic Rise at FPGA Pin ; Monotonic Fall at FPGA Pin ; Steady State Voh at Far-end ; Steady State Vol at Far-end ; Voh Max at Far-end ; Vol Min at Far-end ; Ringback Voltage on Rise at Far-end ; Ringback Voltage on Fall at Far-end ; 10-90 Rise Time at Far-end ; 90-10 Fall Time at Far-end ; Monotonic Rise at Far-end ; Monotonic Fall at Far-end ;
+-------------------------+--------------+---------------------+---------------------+------------------------------+------------------------------+---------------------+---------------------+--------------------------------------+--------------------------------------+-----------------------------+-----------------------------+----------------------------+----------------------------+-----------------------------+-----------------------------+--------------------+--------------------+-------------------------------------+-------------------------------------+----------------------------+----------------------------+---------------------------+---------------------------+
; o_active_instruction[0] ; 2.5 V        ; 0 s                 ; 0 s                 ; 2.62 V                       ; 9.94e-08 V                   ; 2.78 V              ; -0.0444 V           ; 0.25 V                               ; 0.107 V                              ; 2.67e-10 s                  ; 2.75e-10 s                  ; No                         ; Yes                        ; 2.62 V                      ; 9.94e-08 V                  ; 2.78 V             ; -0.0444 V          ; 0.25 V                              ; 0.107 V                             ; 2.67e-10 s                 ; 2.75e-10 s                 ; No                        ; Yes                       ;
; o_active_instruction[1] ; 2.5 V        ; 0 s                 ; 0 s                 ; 2.62 V                       ; 9.94e-08 V                   ; 2.78 V              ; -0.0444 V           ; 0.25 V                               ; 0.107 V                              ; 2.67e-10 s                  ; 2.75e-10 s                  ; No                         ; Yes                        ; 2.62 V                      ; 9.94e-08 V                  ; 2.78 V             ; -0.0444 V          ; 0.25 V                              ; 0.107 V                             ; 2.67e-10 s                 ; 2.75e-10 s                 ; No                        ; Yes                       ;
; o_active_instruction[2] ; 2.5 V        ; 0 s                 ; 0 s                 ; 2.62 V                       ; 9.95e-08 V                   ; 2.77 V              ; -0.0486 V           ; 0.285 V                              ; 0.06 V                               ; 2.8e-10 s                   ; 3.04e-10 s                  ; No                         ; Yes                        ; 2.62 V                      ; 9.95e-08 V                  ; 2.77 V             ; -0.0486 V          ; 0.285 V                             ; 0.06 V                              ; 2.8e-10 s                  ; 3.04e-10 s                 ; No                        ; Yes                       ;
; o_active_instruction[3] ; 2.5 V        ; 0 s                 ; 0 s                 ; 2.62 V                       ; 9.94e-08 V                   ; 2.78 V              ; -0.0444 V           ; 0.25 V                               ; 0.107 V                              ; 2.67e-10 s                  ; 2.75e-10 s                  ; No                         ; Yes                        ; 2.62 V                      ; 9.94e-08 V                  ; 2.78 V             ; -0.0444 V          ; 0.25 V                              ; 0.107 V                             ; 2.67e-10 s                 ; 2.75e-10 s                 ; No                        ; Yes                       ;
; o_active_instruction[4] ; 2.5 V        ; 0 s                 ; 0 s                 ; 2.62 V                       ; 9.95e-08 V                   ; 2.78 V              ; -0.0452 V           ; 0.248 V                              ; 0.108 V                              ; 2.67e-10 s                  ; 2.75e-10 s                  ; No                         ; Yes                        ; 2.62 V                      ; 9.95e-08 V                  ; 2.78 V             ; -0.0452 V          ; 0.248 V                             ; 0.108 V                             ; 2.67e-10 s                 ; 2.75e-10 s                 ; No                        ; Yes                       ;
; o_active_instruction[5] ; 2.5 V        ; 0 s                 ; 0 s                 ; 2.62 V                       ; 9.94e-08 V                   ; 2.78 V              ; -0.0444 V           ; 0.25 V                               ; 0.107 V                              ; 2.67e-10 s                  ; 2.75e-10 s                  ; No                         ; Yes                        ; 2.62 V                      ; 9.94e-08 V                  ; 2.78 V             ; -0.0444 V          ; 0.25 V                              ; 0.107 V                             ; 2.67e-10 s                 ; 2.75e-10 s                 ; No                        ; Yes                       ;
; o_addressing_mode[0]    ; 2.5 V        ; 0 s                 ; 0 s                 ; 2.62 V                       ; 9.95e-08 V                   ; 2.78 V              ; -0.0452 V           ; 0.248 V                              ; 0.108 V                              ; 2.67e-10 s                  ; 2.75e-10 s                  ; No                         ; Yes                        ; 2.62 V                      ; 9.95e-08 V                  ; 2.78 V             ; -0.0452 V          ; 0.248 V                             ; 0.108 V                             ; 2.67e-10 s                 ; 2.75e-10 s                 ; No                        ; Yes                       ;
; o_addressing_mode[1]    ; 2.5 V        ; 0 s                 ; 0 s                 ; 2.62 V                       ; 9.95e-08 V                   ; 2.78 V              ; -0.0452 V           ; 0.248 V                              ; 0.108 V                              ; 2.67e-10 s                  ; 2.75e-10 s                  ; No                         ; Yes                        ; 2.62 V                      ; 9.95e-08 V                  ; 2.78 V             ; -0.0452 V          ; 0.248 V                             ; 0.108 V                             ; 2.67e-10 s                 ; 2.75e-10 s                 ; No                        ; Yes                       ;
; o_addressing_mode[2]    ; 2.5 V        ; 0 s                 ; 0 s                 ; 2.62 V                       ; 9.95e-08 V                   ; 2.78 V              ; -0.0452 V           ; 0.248 V                              ; 0.108 V                              ; 2.67e-10 s                  ; 2.75e-10 s                  ; No                         ; Yes                        ; 2.62 V                      ; 9.95e-08 V                  ; 2.78 V             ; -0.0452 V          ; 0.248 V                             ; 0.108 V                             ; 2.67e-10 s                 ; 2.75e-10 s                 ; No                        ; Yes                       ;
; o_register_select[0]    ; 2.5 V        ; 0 s                 ; 0 s                 ; 2.62 V                       ; 9.94e-08 V                   ; 2.78 V              ; -0.0444 V           ; 0.25 V                               ; 0.107 V                              ; 2.67e-10 s                  ; 2.75e-10 s                  ; No                         ; Yes                        ; 2.62 V                      ; 9.94e-08 V                  ; 2.78 V             ; -0.0444 V          ; 0.25 V                              ; 0.107 V                             ; 2.67e-10 s                 ; 2.75e-10 s                 ; No                        ; Yes                       ;
; o_register_select[1]    ; 2.5 V        ; 0 s                 ; 0 s                 ; 2.62 V                       ; 9.95e-08 V                   ; 2.64 V              ; -0.00893 V          ; 0.249 V                              ; 0.203 V                              ; 3.12e-09 s                  ; 3.02e-09 s                  ; No                         ; Yes                        ; 2.62 V                      ; 9.95e-08 V                  ; 2.64 V             ; -0.00893 V         ; 0.249 V                             ; 0.203 V                             ; 3.12e-09 s                 ; 3.02e-09 s                 ; No                        ; Yes                       ;
; ~ALTERA_TDO~            ; 2.5 V        ; 0 s                 ; 0 s                 ; 2.62 V                       ; 1.68e-07 V                   ; 2.73 V              ; -0.0396 V           ; 0.362 V                              ; 0.108 V                              ; 3.11e-10 s                  ; 4.42e-10 s                  ; No                         ; Yes                        ; 2.62 V                      ; 1.68e-07 V                  ; 2.73 V             ; -0.0396 V          ; 0.362 V                             ; 0.108 V                             ; 3.11e-10 s                 ; 4.42e-10 s                 ; No                        ; Yes                       ;
+-------------------------+--------------+---------------------+---------------------+------------------------------+------------------------------+---------------------+---------------------+--------------------------------------+--------------------------------------+-----------------------------+-----------------------------+----------------------------+----------------------------+-----------------------------+-----------------------------+--------------------+--------------------+-------------------------------------+-------------------------------------+----------------------------+----------------------------+---------------------------+---------------------------+


+-------------------------------------------------------------------+
; Setup Transfers                                                   ;
+------------+----------+----------+----------+----------+----------+
; From Clock ; To Clock ; RR Paths ; FR Paths ; RF Paths ; FF Paths ;
+------------+----------+----------+----------+----------+----------+
; i_clk      ; i_clk    ; 28       ; 0        ; 0        ; 0        ;
+------------+----------+----------+----------+----------+----------+
Entries labeled "false path" only account for clock-to-clock false paths and not path-based false paths. As a result, actual path counts may be lower than reported.


+-------------------------------------------------------------------+
; Hold Transfers                                                    ;
+------------+----------+----------+----------+----------+----------+
; From Clock ; To Clock ; RR Paths ; FR Paths ; RF Paths ; FF Paths ;
+------------+----------+----------+----------+----------+----------+
; i_clk      ; i_clk    ; 28       ; 0        ; 0        ; 0        ;
+------------+----------+----------+----------+----------+----------+
Entries labeled "false path" only account for clock-to-clock false paths and not path-based false paths. As a result, actual path counts may be lower than reported.


---------------
; Report TCCS ;
---------------
No dedicated SERDES Transmitter circuitry present in device or used in design


---------------
; Report RSKM ;
---------------
No non-DPA dedicated SERDES Receiver circuitry present in device or used in design


+------------------------------------------------+
; Unconstrained Paths Summary                    ;
+---------------------------------+-------+------+
; Property                        ; Setup ; Hold ;
+---------------------------------+-------+------+
; Illegal Clocks                  ; 0     ; 0    ;
; Unconstrained Clocks            ; 0     ; 0    ;
; Unconstrained Input Ports       ; 5     ; 5    ;
; Unconstrained Input Port Paths  ; 5     ; 5    ;
; Unconstrained Output Ports      ; 5     ; 5    ;
; Unconstrained Output Port Paths ; 5     ; 5    ;
+---------------------------------+-------+------+


+-------------------------------------+
; Clock Status Summary                ;
+--------+-------+------+-------------+
; Target ; Clock ; Type ; Status      ;
+--------+-------+------+-------------+
; i_clk  ; i_clk ; Base ; Constrained ;
+--------+-------+------+-------------+


+---------------------------------------------------------------------------------------------------------+
; Unconstrained Input Ports                                                                               ;
+------------------+--------------------------------------------------------------------------------------+
; Input Port       ; Comment                                                                              ;
+------------------+--------------------------------------------------------------------------------------+
; i_instruction[0] ; No input delay, min/max delays, false-path exceptions, or max skew assignments found ;
; i_instruction[1] ; No input delay, min/max delays, false-path exceptions, or max skew assignments found ;
; i_instruction[2] ; No input delay, min/max delays, false-path exceptions, or max skew assignments found ;
; i_instruction[3] ; No input delay, min/max delays, false-path exceptions, or max skew assignments found ;
; i_instruction[4] ; No input delay, min/max delays, false-path exceptions, or max skew assignments found ;
+------------------+--------------------------------------------------------------------------------------+


+--------------------------------------------------------------------------------------------------------------+
; Unconstrained Output Ports                                                                                   ;
+----------------------+---------------------------------------------------------------------------------------+
; Output Port          ; Comment                                                                               ;
+----------------------+---------------------------------------------------------------------------------------+
; o_addressing_mode[0] ; No output delay, min/max delays, false-path exceptions, or max skew assignments found ;
; o_addressing_mode[1] ; No output delay, min/max delays, false-path exceptions, or max skew assignments found ;
; o_addressing_mode[2] ; No output delay, min/max delays, false-path exceptions, or max skew assignments found ;
; o_register_select[0] ; No output delay, min/max delays, false-path exceptions, or max skew assignments found ;
; o_register_select[1] ; No output delay, min/max delays, false-path exceptions, or max skew assignments found ;
+----------------------+---------------------------------------------------------------------------------------+


+---------------------------------------------------------------------------------------------------------+
; Unconstrained Input Ports                                                                               ;
+------------------+--------------------------------------------------------------------------------------+
; Input Port       ; Comment                                                                              ;
+------------------+--------------------------------------------------------------------------------------+
; i_instruction[0] ; No input delay, min/max delays, false-path exceptions, or max skew assignments found ;
; i_instruction[1] ; No input delay, min/max delays, false-path exceptions, or max skew assignments found ;
; i_instruction[2] ; No input delay, min/max delays, false-path exceptions, or max skew assignments found ;
; i_instruction[3] ; No input delay, min/max delays, false-path exceptions, or max skew assignments found ;
; i_instruction[4] ; No input delay, min/max delays, false-path exceptions, or max skew assignments found ;
+------------------+--------------------------------------------------------------------------------------+


+--------------------------------------------------------------------------------------------------------------+
; Unconstrained Output Ports                                                                                   ;
+----------------------+---------------------------------------------------------------------------------------+
; Output Port          ; Comment                                                                               ;
+----------------------+---------------------------------------------------------------------------------------+
; o_addressing_mode[0] ; No output delay, min/max delays, false-path exceptions, or max skew assignments found ;
; o_addressing_mode[1] ; No output delay, min/max delays, false-path exceptions, or max skew assignments found ;
; o_addressing_mode[2] ; No output delay, min/max delays, false-path exceptions, or max skew assignments found ;
; o_register_select[0] ; No output delay, min/max delays, false-path exceptions, or max skew assignments found ;
; o_register_select[1] ; No output delay, min/max delays, false-path exceptions, or max skew assignments found ;
+----------------------+---------------------------------------------------------------------------------------+


+--------------------------+
; Timing Analyzer Messages ;
+--------------------------+
Info: *******************************************************************
Info: Running Quartus Prime Timing Analyzer
    Info: Version 22.1std.2 Build 922 07/20/2023 SC Lite Edition
    Info: Processing started: Tue Dec 19 14:18:10 2023
Info: Command: quartus_sta NESFPGA -c NESFPGA
Info: qsta_default_script.tcl version: #1
Info (21077): Low junction temperature is 0 degrees C
Info (21077): High junction temperature is 85 degrees C
Critical Warning (332012): Synopsys Design Constraints File file not found: 'NESFPGA.sdc'. A Synopsys Design Constraints File is required by the Timing Analyzer to get proper timing constraints. Without it, the Compiler will not properly optimize the design.
Info (332142): No user constrained base clocks found in the design. Calling "derive_clocks -period 1.0"
Info (332105): Deriving Clocks
    Info (332105): create_clock -period 1.000 -name i_clk i_clk
Info (332143): No user constrained clock uncertainty found in the design. Calling "derive_clock_uncertainty"
Info (332123): Deriving Clock Uncertainty. Please refer to report_sdc in the Timing Analyzer to see clock uncertainties.
Info: Found TIMING_ANALYZER_REPORT_SCRIPT_INCLUDE_DEFAULT_ANALYSIS = ON
Info: Analyzing Slow 1200mV 85C Model
Info: Can't run Report Timing Closure Recommendations. The current device family is not supported.
Critical Warning (332148): Timing requirements not met
Info (332146): Worst-case setup slack is -0.716
    Info (332119):     Slack       End Point TNS Clock 
    Info (332119): ========= =================== =====================
    Info (332119):    -0.716              -3.090 i_clk 
Info (332146): Worst-case hold slack is 0.498
    Info (332119):     Slack       End Point TNS Clock 
    Info (332119): ========= =================== =====================
    Info (332119):     0.498               0.000 i_clk 
Info (332140): No Recovery paths to report
Info (332140): No Removal paths to report
Info (332146): Worst-case minimum pulse width slack is -3.000
    Info (332119):     Slack       End Point TNS Clock 
    Info (332119): ========= =================== =====================
    Info (332119):    -3.000             -17.870 i_clk 
Info: Analyzing Slow 1200mV 0C Model
Info (334003): Started post-fitting delay annotation
Info (334004): Delay annotation completed successfully
Info (332123): Deriving Clock Uncertainty. Please refer to report_sdc in the Timing Analyzer to see clock uncertainties.
Critical Warning (332148): Timing requirements not met
Info (332146): Worst-case setup slack is -0.575
    Info (332119):     Slack       End Point TNS Clock 
    Info (332119): ========= =================== =====================
    Info (332119):    -0.575              -2.488 i_clk 
Info (332146): Worst-case hold slack is 0.473
    Info (332119):     Slack       End Point TNS Clock 
    Info (332119): ========= =================== =====================
    Info (332119):     0.473               0.000 i_clk 
Info (332140): No Recovery paths to report
Info (332140): No Removal paths to report
Info (332146): Worst-case minimum pulse width slack is -3.000
    Info (332119):     Slack       End Point TNS Clock 
    Info (332119): ========= =================== =====================
    Info (332119):    -3.000             -17.870 i_clk 
Info: Analyzing Fast 1200mV 0C Model
Info (332123): Deriving Clock Uncertainty. Please refer to report_sdc in the Timing Analyzer to see clock uncertainties.
Info (332146): Worst-case setup slack is 0.317
    Info (332119):     Slack       End Point TNS Clock 
    Info (332119): ========= =================== =====================
    Info (332119):     0.317               0.000 i_clk 
Info (332146): Worst-case hold slack is 0.184
    Info (332119):     Slack       End Point TNS Clock 
    Info (332119): ========= =================== =====================
    Info (332119):     0.184               0.000 i_clk 
Info (332140): No Recovery paths to report
Info (332140): No Removal paths to report
Critical Warning (332148): Timing requirements not met
Info (332146): Worst-case minimum pulse width slack is -3.000
    Info (332119):     Slack       End Point TNS Clock 
    Info (332119): ========= =================== =====================
    Info (332119):    -3.000             -13.290 i_clk 
Info (332102): Design is not fully constrained for setup requirements
Info (332102): Design is not fully constrained for hold requirements
Info: Quartus Prime Timing Analyzer was successful. 0 errors, 4 warnings
    Info: Peak virtual memory: 430 megabytes
    Info: Processing ended: Tue Dec 19 14:18:15 2023
    Info: Elapsed time: 00:00:05
    Info: Total CPU time (on all processors): 00:00:02


