Info: Start Nativelink Simulation process
Info: NativeLink has detected VHDL design -- VHDL simulation models will be used

========= EDA Simulation Settings =====================

Sim Mode              :  RTL
Family                :  cyclonev
Quartus root          :  e:/intel/quartus/bin64/
Quartus sim root      :  e:/intel/quartus/eda/sim_lib
Simulation Tool       :  questa intel fpga
Simulation Language   :  vhdl
Version               :  93
Simulation Mode       :  GUI
Sim Output File       :  
Sim SDF file          :  
Sim dir               :  simulation\questa

=======================================================

Info: Starting NativeLink simulation with Questa Intel FPGA software
Sourced NativeLink script e:/intel/quartus/common/tcl/internal/nativelink/modelsim.tcl
Warning: File APU_NES_run_msim_rtl_vhdl.do already exists - backing up current file as APU_NES_run_msim_rtl_vhdl.do.bak1
Info: Spawning Questa Intel FPGA Simulation software 
Info: NativeLink simulation flow was successful
