Info: Start Nativelink Simulation process
Info: NativeLink has detected VHDL design -- VHDL simulation models will be used

========= EDA Simulation Settings =====================

Sim Mode              :  RTL
Family                :  max10
Quartus root          :  /home/nightfore/intelFPGA_lite/22.1std/quartus/linux64/
Quartus sim root      :  /home/nightfore/intelFPGA_lite/22.1std/quartus/eda/sim_lib
Simulation Tool       :  modelsim
Simulation Language   :  vhdl
Version               :  93
Simulation Mode       :  GUI
Sim Output File       :  
Sim SDF file          :  
Sim dir               :  simulation/modelsim

=======================================================

Info: Starting NativeLink simulation with ModelSim software
Sourced NativeLink script /home/nightfore/intelFPGA_lite/22.1std/quartus/common/tcl/internal/nativelink/modelsim.tcl
Warning: File decode_run_msim_rtl_vhdl.do already exists - backing up current file as decode_run_msim_rtl_vhdl.do.bak11
Info: Spawning ModelSim Simulation software 
Info: NativeLink simulation flow was successful
